
  .   ____          _            __ _ _
 /\\ / ___'_ __ _ _(_)_ __  __ _ \ \ \ \
( ( )\___ | '_ | '_| | '_ \/ _` | \ \ \ \
 \\/  ___)| |_)| | | | | || (_| |  ) ) ) )
  '  |____| .__|_| |_|_| |_\__, | / / / /
 =========|_|==============|___/=/_/_/_/

 :: Spring Boot ::                (v4.0.5)

2026-04-18T12:41:09.701+05:30  INFO 16016 --- [backend] [           main] com.pdsa.backend.BackendApplication      : Starting BackendApplication v0.0.1-SNAPSHOT using Java 21.0.10 with PID 16016 (C:\Users\2003h\OneDrive\Desktop\PDSA CW\pdsa2-cw\backend\target\backend-0.0.1-SNAPSHOT.jar started by 2003h in C:\Users\2003h\OneDrive\Desktop\PDSA CW\pdsa2-cw\backend)
2026-04-18T12:41:09.707+05:30  INFO 16016 --- [backend] [           main] com.pdsa.backend.BackendApplication      : No active profile set, falling back to 1 default profile: "default"
2026-04-18T12:41:10.569+05:30  INFO 16016 --- [backend] [           main] .s.d.r.c.RepositoryConfigurationDelegate : Bootstrapping Spring Data JPA repositories in DEFAULT mode.
2026-04-18T12:41:10.631+05:30  INFO 16016 --- [backend] [           main] .s.d.r.c.RepositoryConfigurationDelegate : Finished Spring Data repository scanning in 50 ms. Found 5 JPA repository interfaces.
2026-04-18T12:41:11.194+05:30  INFO 16016 --- [backend] [           main] o.s.boot.tomcat.TomcatWebServer          : Tomcat initialized with port 8080 (http)
2026-04-18T12:41:11.208+05:30  INFO 16016 --- [backend] [           main] o.apache.catalina.core.StandardService   : Starting service [Tomcat]
2026-04-18T12:41:11.209+05:30  INFO 16016 --- [backend] [           main] o.apache.catalina.core.StandardEngine    : Starting Servlet engine: [Apache Tomcat/11.0.20]
2026-04-18T12:41:11.239+05:30  INFO 16016 --- [backend] [           main] b.w.c.s.WebApplicationContextInitializer : Root WebApplicationContext: initialization completed in 1478 ms
2026-04-18T12:41:11.445+05:30  INFO 16016 --- [backend] [           main] org.hibernate.orm.jpa                    : HHH008540: Processing PersistenceUnitInfo [name: default]
2026-04-18T12:41:11.532+05:30  INFO 16016 --- [backend] [           main] org.hibernate.orm.core                   : HHH000001: Hibernate ORM core version 7.2.7.Final
2026-04-18T12:41:12.036+05:30  INFO 16016 --- [backend] [           main] o.s.o.j.p.SpringPersistenceUnitInfo      : No LoadTimeWeaver setup: ignoring JPA class transformer
2026-04-18T12:41:12.072+05:30  INFO 16016 --- [backend] [           main] com.zaxxer.hikari.HikariDataSource       : HikariPool-1 - Starting...
2026-04-18T12:41:12.250+05:30  INFO 16016 --- [backend] [           main] com.zaxxer.hikari.pool.HikariPool        : HikariPool-1 - Added connection com.mysql.cj.jdbc.ConnectionImpl@498e41a4
2026-04-18T12:41:12.251+05:30  INFO 16016 --- [backend] [           main] com.zaxxer.hikari.HikariDataSource       : HikariPool-1 - Start completed.
2026-04-18T12:41:12.295+05:30  WARN 16016 --- [backend] [           main] org.hibernate.orm.deprecation            : HHH90000025: MySQLDialect does not need to be specified explicitly using 'hibernate.dialect' (remove the property setting and it will be selected by default)
2026-04-18T12:41:12.310+05:30  INFO 16016 --- [backend] [           main] org.hibernate.orm.connections.pooling    : HHH10001005: Database info:
	Database JDBC URL [jdbc:mysql://localhost:3306/pdsa_cw3?useSSL=false&allowPublicKeyRetrieval=true&serverTimezone=Asia/Colombo]
	Database driver: MySQL Connector/J
	Database dialect: MySQLDialect
	Database version: 8.0.42
	Default catalog/schema: pdsa_cw3/undefined
	Autocommit mode: undefined/unknown
	Isolation level: REPEATABLE_READ [default REPEATABLE_READ]
	JDBC fetch size: none
	Pool: DataSourceConnectionProvider
	Minimum pool size: undefined/unknown
	Maximum pool size: undefined/unknown
2026-04-18T12:41:13.127+05:30  INFO 16016 --- [backend] [           main] org.hibernate.orm.core                   : HHH000489: No JTA platform available (set 'hibernate.transaction.jta.platform' to enable JTA platform integration)
2026-04-18T12:41:13.203+05:30  INFO 16016 --- [backend] [           main] j.LocalContainerEntityManagerFactoryBean : Initialized JPA EntityManagerFactory for persistence unit 'default'
2026-04-18T12:41:13.278+05:30  INFO 16016 --- [backend] [           main] o.s.d.j.r.query.QueryEnhancerFactories   : Hibernate is in classpath; If applicable, HQL parser will be used.
2026-04-18T12:41:13.480+05:30  WARN 16016 --- [backend] [           main] JpaBaseConfiguration$JpaWebConfiguration : spring.jpa.open-in-view is enabled by default. Therefore, database queries may be performed during view rendering. Explicitly configure spring.jpa.open-in-view to disable this warning
2026-04-18T12:41:13.821+05:30  INFO 16016 --- [backend] [           main] o.s.boot.tomcat.TomcatWebServer          : Tomcat started on port 8080 (http) with context path '/'
2026-04-18T12:41:13.834+05:30  INFO 16016 --- [backend] [           main] com.pdsa.backend.BackendApplication      : Started BackendApplication in 4.567 seconds (process running for 5.059)
2026-04-18T12:41:18.939+05:30  INFO 16016 --- [backend] [nio-8080-exec-1] o.a.c.c.C.[Tomcat].[localhost].[/]       : Initializing Spring DispatcherServlet 'dispatcherServlet'
2026-04-18T12:41:18.940+05:30  INFO 16016 --- [backend] [nio-8080-exec-1] o.s.web.servlet.DispatcherServlet        : Initializing Servlet 'dispatcherServlet'
2026-04-18T12:41:18.941+05:30  INFO 16016 --- [backend] [nio-8080-exec-1] o.s.web.servlet.DispatcherServlet        : Completed initialization in 1 ms
Hibernate: 
    insert 
    into
        traffic_rounds
        (created_at, edmonds_karp_time_nanos, ford_fulkerson_time_nanos, max_flow_edmonds_karp, max_flow_ford_fulkerson, sink_node, source_node) 
    values
        (?, ?, ?, ?, ?, ?, ?)
Hibernate: 
    insert 
    into
        traffic_edges
        (capacity, flow, from_node, to_node, round_id) 
    values
        (?, ?, ?, ?, ?)
Hibernate: 
    insert 
    into
        traffic_edges
        (capacity, flow, from_node, to_node, round_id) 
    values
        (?, ?, ?, ?, ?)
Hibernate: 
    insert 
    into
        traffic_edges
        (capacity, flow, from_node, to_node, round_id) 
    values
        (?, ?, ?, ?, ?)
Hibernate: 
    insert 
    into
        traffic_edges
        (capacity, flow, from_node, to_node, round_id) 
    values
        (?, ?, ?, ?, ?)
Hibernate: 
    insert 
    into
        traffic_edges
        (capacity, flow, from_node, to_node, round_id) 
    values
        (?, ?, ?, ?, ?)
Hibernate: 
    insert 
    into
        traffic_edges
        (capacity, flow, from_node, to_node, round_id) 
    values
        (?, ?, ?, ?, ?)
Hibernate: 
    insert 
    into
        traffic_edges
        (capacity, flow, from_node, to_node, round_id) 
    values
        (?, ?, ?, ?, ?)
Hibernate: 
    insert 
    into
        traffic_edges
        (capacity, flow, from_node, to_node, round_id) 
    values
        (?, ?, ?, ?, ?)
Hibernate: 
    insert 
    into
        traffic_edges
        (capacity, flow, from_node, to_node, round_id) 
    values
        (?, ?, ?, ?, ?)
Hibernate: 
    insert 
    into
        traffic_edges
        (capacity, flow, from_node, to_node, round_id) 
    values
        (?, ?, ?, ?, ?)
Hibernate: 
    insert 
    into
        traffic_edges
        (capacity, flow, from_node, to_node, round_id) 
    values
        (?, ?, ?, ?, ?)
Hibernate: 
    insert 
    into
        traffic_edges
        (capacity, flow, from_node, to_node, round_id) 
    values
        (?, ?, ?, ?, ?)
Hibernate: 
    insert 
    into
        traffic_edges
        (capacity, flow, from_node, to_node, round_id) 
    values
        (?, ?, ?, ?, ?)
